<?xml version="1.0" encoding="UTF-8"?>
<!-- Generated by org.testng.reporters.JUnitXMLReporter -->
<testsuite hostname="in-madhurvk-1" ignored="0" name="FirefoxTest" tests="1" failures="1" timestamp="14 Nov 2019 11:48:28 GMT" time="26.613" errors="0">
  <testcase name="validLogin" time="11.692" classname="scripts.TestValidLogin">
    <failure type="java.lang.AssertionError" message="The following asserts failed:
	expected [https://inteliserve.unisys] but found [https://inteliserve.unisys.com/demo/dashboard]">
      <![CDATA[java.lang.AssertionError: The following asserts failed:
	expected [https://inteliserve.unisys] but found [https://inteliserve.unisys.com/demo/dashboard]
	at scripts.TestValidLogin.validLogin(TestValidLogin.java:35)
... Removed 26 stack frames]]>
    </failure>
  </testcase> <!-- validLogin -->
</testsuite> <!-- FirefoxTest -->
