<?xml version="1.0" encoding="UTF-8"?>
<!-- Generated by org.testng.reporters.JUnitXMLReporter -->
<testsuite hostname="in-madhurvk-1" ignored="0" name="ChromeTest" tests="1" failures="1" timestamp="14 Nov 2019 06:33:54 GMT" time="20.847" errors="0">
  <testcase name="validLogin" time="12.605" classname="scripts.TestValidLogin">
    <failure type="java.lang.AssertionError" message="The following asserts failed:
	expected [https://inteliserve.unisys] but found [https://inteliserve.unisys.com/demo/login]">
      <![CDATA[java.lang.AssertionError: The following asserts failed:
	expected [https://inteliserve.unisys] but found [https://inteliserve.unisys.com/demo/login]
	at scripts.TestValidLogin.validLogin(TestValidLogin.java:35)
... Removed 29 stack frames]]>
    </failure>
  </testcase> <!-- validLogin -->
</testsuite> <!-- ChromeTest -->
