<?xml version="1.0" encoding="UTF-8"?>
<testng-results skipped="0" failed="1" ignored="1" total="3" passed="1">
  <reporter-output>
    <line>
      <![CDATA[https://inteliserve.unisys.com/demo/dashboard]]>
    </line>
  </reporter-output>
  <suite name="Suite" duration-ms="64904" started-at="2019-11-18T04:01:35Z" finished-at="2019-11-18T04:02:40Z">
    <groups>
    </groups>
    <test name="ChromeTest" duration-ms="64904" started-at="2019-11-18T04:01:35Z" finished-at="2019-11-18T04:02:40Z">
      <class name="scripts.TestValidLogin">
        <test-method status="PASS" signature="openApplication()[pri:0, instance:scripts.TestValidLogin@314c508a]" name="openApplication" is-config="true" duration-ms="8432" started-at="2019-11-18T09:31:35Z" finished-at="2019-11-18T09:31:44Z">
          <reporter-output>
          </reporter-output>
        </test-method> <!-- openApplication -->
        <test-method status="FAIL" signature="validLogin()[pri:0, instance:scripts.TestValidLogin@314c508a]" name="validLogin" duration-ms="24210" started-at="2019-11-18T09:31:44Z" finished-at="2019-11-18T09:32:08Z">
          <exception class="java.lang.AssertionError">
            <message>
              <![CDATA[The following asserts failed:
	expected [https://inteliserve.unisys] but found [https://inteliserve.unisys.com/demo/dashboard]]]>
            </message>
            <full-stacktrace>
              <![CDATA[java.lang.AssertionError: The following asserts failed:
	expected [https://inteliserve.unisys] but found [https://inteliserve.unisys.com/demo/dashboard]
	at org.testng.asserts.SoftAssert.assertAll(SoftAssert.java:43)
	at scripts.TestValidLogin.validLogin(TestValidLogin.java:39)
	at sun.reflect.NativeMethodAccessorImpl.invoke0(Native Method)
	at sun.reflect.NativeMethodAccessorImpl.invoke(NativeMethodAccessorImpl.java:62)
	at sun.reflect.DelegatingMethodAccessorImpl.invoke(DelegatingMethodAccessorImpl.java:43)
	at java.lang.reflect.Method.invoke(Method.java:498)
	at org.testng.internal.MethodInvocationHelper.invokeMethod(MethodInvocationHelper.java:108)
	at org.testng.internal.Invoker.invokeMethod(Invoker.java:661)
	at org.testng.internal.Invoker.invokeTestMethod(Invoker.java:869)
	at org.testng.internal.Invoker.invokeTestMethods(Invoker.java:1193)
	at org.testng.internal.TestMethodWorker.invokeTestMethods(TestMethodWorker.java:126)
	at org.testng.internal.TestMethodWorker.run(TestMethodWorker.java:109)
	at org.testng.TestRunner.privateRun(TestRunner.java:744)
	at org.testng.TestRunner.run(TestRunner.java:602)
	at org.testng.SuiteRunner.runTest(SuiteRunner.java:380)
	at org.testng.SuiteRunner.runSequentially(SuiteRunner.java:375)
	at org.testng.SuiteRunner.privateRun(SuiteRunner.java:340)
	at org.testng.SuiteRunner.run(SuiteRunner.java:289)
	at org.testng.SuiteRunnerWorker.runSuite(SuiteRunnerWorker.java:52)
	at org.testng.SuiteRunnerWorker.run(SuiteRunnerWorker.java:86)
	at org.testng.TestNG.runSuitesSequentially(TestNG.java:1301)
	at org.testng.TestNG.runSuitesLocally(TestNG.java:1226)
	at org.testng.TestNG.runSuites(TestNG.java:1144)
	at org.testng.TestNG.run(TestNG.java:1115)
	at org.apache.maven.surefire.testng.TestNGExecutor.run(TestNGExecutor.java:281)
	at org.apache.maven.surefire.testng.TestNGXmlTestSuite.execute(TestNGXmlTestSuite.java:75)
	at org.apache.maven.surefire.testng.TestNGProvider.invoke(TestNGProvider.java:121)
	at org.apache.maven.surefire.booter.ForkedBooter.invokeProviderInSameClassLoader(ForkedBooter.java:290)
	at org.apache.maven.surefire.booter.ForkedBooter.runSuitesInProcess(ForkedBooter.java:242)
	at org.apache.maven.surefire.booter.ForkedBooter.main(ForkedBooter.java:121)
]]>
            </full-stacktrace>
          </exception> <!-- java.lang.AssertionError -->
          <reporter-output>
            <line>
              <![CDATA[https://inteliserve.unisys.com/demo/dashboard]]>
            </line>
          </reporter-output>
        </test-method> <!-- validLogin -->
        <test-method status="PASS" signature="closeBrowser(org.testng.ITestResult)[pri:0, instance:scripts.TestValidLogin@314c508a]" name="closeBrowser" is-config="true" duration-ms="4845" started-at="2019-11-18T09:32:08Z" finished-at="2019-11-18T09:32:13Z">
          <params>
            <param index="0">
              <value>
                <![CDATA[[TestResult name=validLogin status=FAILURE method=TestValidLogin.validLogin()[pri:0, instance:scripts.TestValidLogin@314c508a] output=https://inteliserve.unisys.com/demo/dashboard]]]>
              </value>
            </param>
          </params>
          <reporter-output>
          </reporter-output>
        </test-method> <!-- closeBrowser -->
        <test-method status="PASS" signature="endReport()[pri:0, instance:scripts.TestValidLogin@314c508a]" name="endReport" is-config="true" duration-ms="394" started-at="2019-11-18T09:32:40Z" finished-at="2019-11-18T09:32:40Z">
          <reporter-output>
          </reporter-output>
        </test-method> <!-- endReport -->
      </class> <!-- scripts.TestValidLogin -->
      <class name="scripts.TestLoginWithoutValidation">
        <test-method status="PASS" signature="openApplication()[pri:0, instance:scripts.TestLoginWithoutValidation@10b48321]" name="openApplication" is-config="true" duration-ms="6284" started-at="2019-11-18T09:32:13Z" finished-at="2019-11-18T09:32:19Z">
          <reporter-output>
          </reporter-output>
        </test-method> <!-- openApplication -->
        <test-method status="PASS" signature="validLoginValidatioin()[pri:0, instance:scripts.TestLoginWithoutValidation@10b48321]" name="validLoginValidatioin" duration-ms="20289" started-at="2019-11-18T09:32:19Z" finished-at="2019-11-18T09:32:39Z">
          <reporter-output>
          </reporter-output>
        </test-method> <!-- validLoginValidatioin -->
        <test-method status="PASS" signature="closeBrowser(org.testng.ITestResult)[pri:0, instance:scripts.TestLoginWithoutValidation@10b48321]" name="closeBrowser" is-config="true" duration-ms="396" started-at="2019-11-18T09:32:39Z" finished-at="2019-11-18T09:32:40Z">
          <params>
            <param index="0">
              <value>
                <![CDATA[[TestResult name=validLoginValidatioin status=SUCCESS method=TestLoginWithoutValidation.validLoginValidatioin()[pri:0, instance:scripts.TestLoginWithoutValidation@10b48321] output={null}]]]>
              </value>
            </param>
          </params>
          <reporter-output>
          </reporter-output>
        </test-method> <!-- closeBrowser -->
      </class> <!-- scripts.TestLoginWithoutValidation -->
    </test> <!-- ChromeTest -->
  </suite> <!-- Suite -->
</testng-results>
