<?xml version="1.0" encoding="UTF-8"?>
<testng-results skipped="0" failed="2" ignored="0" total="2" passed="0">
  <reporter-output>
    <line>
      <![CDATA[https://inteliserve.unisys.com/demo/dashboard]]>
    </line>
    <line>
      <![CDATA[https://inteliserve.unisys.com/demo/dashboard#access_token=eyJraWQiOiIwamR1RkJHTXZsbEdHUHBHd0NqdlB0cldhdXlIWk96TjJiSGNiT3lxbktjPSIsImFsZyI6IlJTMjU2In0.eyJzdWIiOiIxNzUwYzE3My1lZjBhLTQ1ZTAtOWJkYy0wZDVkZDA2YWUzODYiLCJjb2duaXRvOmdyb3VwcyI6WyJ1cy1lYXN0LTFfQUd5ME8xRHFvX0ludGVsaUFwcEdyeW1hdHRlckF1dGgwIl0sInRva2VuX3VzZSI6ImFjY2VzcyIsInNjb3BlIjoib3BlbmlkIGVtYWlsIiwiYXV0aF90aW1lIjoxNTUwNzYyMDA0LCJpc3MiOiJodHRwczpcL1wvY29nbml0by1pZHAudXMtZWFzdC0xLmFtYXpvbmF3cy5jb21cL3VzLWVhc3QtMV9BR3kwTzFEcW8iLCJleHAiOjE1NTA3NjU2MDQsImlhdCI6MTU1MDc2MjAwNCwidmVyc2lvbiI6MiwianRpIjoiZjgzODk2NDctMjNjOC00YTJjLTk4OWItMDVjZDUwNmRiYjg4IiwiY2xpZW50X2lkIjoiM2FqOG1qMGptZDk5MHU1M2ViaTU3Y3Q4bjgiLCJ1c2VybmFtZSI6IkludGVsaUFwcEdyeW1hdHRlckF1dGgwX2F1dGgwfDViYzczOWZkYzA3YTM1N2FlN2VjNGUzNCJ9.a6ZXpRVq1t8xQHNhgJc1tXPMXQwljJSo9nylGa-f8hbPuo2ake0tXm6bfwG1fjzzIz2nYxZAznW4C5-YanGSUR87YcwyuMXb-XwK0VnS1RJHf5pNnXnJJx70S5KLJ7ScrBHyDPqXsHZmDtxV9oGar-VBBsoHqoJ0Kn1nQI0Pn7VIsHd_iaTgDOoufQFhXKklCYZZoDc_i8homkjnnuMkUAB16sYvytlgXldjeNGhqQn_mE-BDlQgiT9hOy1leyHF5IIOvYOSTEGO6Yrmkk-XcZlo0J6pvXc82ONPFq4fjt41kmsaB2MPEDwx8DXNZqi23I-pFX7OUm7ZU1Uh55d0mg&id_token=eyJraWQiOiJ1RTVxbVwvdk5PemtyWjFKWFBYSXkzY3hwaE00M25rNjBvV1Vsb0I3emt0RT0iLCJhbGciOiJSUzI1NiJ9.eyJhdF9oYXNoIjoiSVFpam5SZU9rLTFFNlY1d3h6cEt6ZyIsInN1YiI6IjE3NTBjMTczLWVmMGEtNDVlMC05YmRjLTBkNWRkMDZhZTM4NiIsImNvZ25pdG86Z3JvdXBzIjpbInVzLWVhc3QtMV9BR3kwTzFEcW9fSW50ZWxpQXBwR3J5bWF0dGVyQXV0aDAiXSwiZW1haWxfdmVyaWZpZWQiOmZhbHNlLCJpc3MiOiJodHRwczpcL1wvY29nbml0by1pZHAudXMtZWFzdC0xLmFtYXpvbmF3cy5jb21cL3VzLWVhc3QtMV9BR3kwTzFEcW8iLCJjb2duaXRvOnVzZXJuYW1lIjoiSW50ZWxpQXBwR3J5bWF0dGVyQXV0aDBfYXV0aDB8NWJjNzM5ZmRjMDdhMzU3YWU3ZWM0ZTM0IiwiYXVkIjoiM2FqOG1qMGptZDk5MHU1M2ViaTU3Y3Q4bjgiLCJpZGVudGl0aWVzIjpbeyJ1c2VySWQiOiJhdXRoMHw1YmM3MzlmZGMwN2EzNTdhZTdlYzRlMzQiLCJwcm92aWRlck5hbWUiOiJJbnRlbGlBcHBHcnltYXR0ZXJBdXRoMCIsInByb3ZpZGVyVHlwZSI6IlNBTUwiLCJpc3N1ZXIiOiJ1cm46aW50ZWxsaWFwcC5hdXRoMC5jb20iLCJwcmltYXJ5IjoidHJ1ZSIsImRhdGVDcmVhdGVkIjoiMTU0MDM0NjEzOTE1NCJ9XSwidG9rZW5fdXNlIjoiaWQiLCJhdXRoX3RpbWUiOjE1NTA3NjIwMDQsImV4cCI6MTU1MDc2NTYwNCwiaWF0IjoxNTUwNzYyMDA0LCJlbWFpbCI6InJ5YW5AZ3J5bWF0dGVyLmNvbSJ9.ZZ1k6n9siToc6ZpbZRG6F0EFK5UzJ68RCTYN1LAGGlYiO54rIdZcoGmaGRPdFVLMy0RnBgOsEKxv8-W7e1heoJj3GHJezXpney80GhxVhpFvu2HjXMNJpzrHBefKJMrjX5EjErFIH8ERGhCM87cupf9MYJSAo0jc3Rnf81R0nAsbvNI4uoyKp_USMKldliDPdRINR74PcJnp04e_Jk4gZ-lVi_xIYHdqBG5WtaexD-IvD5hizNMteywyLKTUTAc5nnTLZOtiAQqwveePIWcF6keJxpMo59p8_liQc5gB4y-vog61U-KRraNQguHIAbUh8Nk-ViPxeAtR2p9Ywt5RtA&token_type=Bearer&expires_in=3600]]>
    </line>
  </reporter-output>
  <suite name="Suite" duration-ms="46974" started-at="2019-11-14T11:48:01Z" finished-at="2019-11-14T11:48:48Z">
    <groups>
    </groups>
    <test name="FirefoxTest" duration-ms="26613" started-at="2019-11-14T11:48:01Z" finished-at="2019-11-14T11:48:28Z">
      <class name="scripts.TestValidLogin">
        <test-method status="PASS" signature="setExtent()[pri:0, instance:scripts.TestValidLogin@335eadca]" name="setExtent" is-config="true" duration-ms="483" started-at="2019-11-14T17:18:01Z" finished-at="2019-11-14T17:18:02Z">
          <reporter-output>
          </reporter-output>
        </test-method> <!-- setExtent -->
        <test-method status="PASS" signature="openApplication(java.lang.String)[pri:0, instance:scripts.TestValidLogin@335eadca]" name="openApplication" is-config="true" duration-ms="13564" started-at="2019-11-14T17:18:02Z" finished-at="2019-11-14T17:18:15Z">
          <params>
            <param index="0">
              <value>
                <![CDATA[firefox]]>
              </value>
            </param>
          </params>
          <reporter-output>
          </reporter-output>
        </test-method> <!-- openApplication -->
        <test-method status="FAIL" signature="validLogin()[pri:0, instance:scripts.TestValidLogin@335eadca]" name="validLogin" duration-ms="11692" started-at="2019-11-14T17:18:15Z" finished-at="2019-11-14T17:18:27Z">
          <exception class="java.lang.AssertionError">
            <message>
              <![CDATA[The following asserts failed:
	expected [https://inteliserve.unisys] but found [https://inteliserve.unisys.com/demo/dashboard]]]>
            </message>
            <full-stacktrace>
              <![CDATA[java.lang.AssertionError: The following asserts failed:
	expected [https://inteliserve.unisys] but found [https://inteliserve.unisys.com/demo/dashboard]
	at org.testng.asserts.SoftAssert.assertAll(SoftAssert.java:43)
	at scripts.TestValidLogin.validLogin(TestValidLogin.java:35)
	at sun.reflect.NativeMethodAccessorImpl.invoke0(Native Method)
	at sun.reflect.NativeMethodAccessorImpl.invoke(Unknown Source)
	at sun.reflect.DelegatingMethodAccessorImpl.invoke(Unknown Source)
	at java.lang.reflect.Method.invoke(Unknown Source)
	at org.testng.internal.MethodInvocationHelper.invokeMethod(MethodInvocationHelper.java:108)
	at org.testng.internal.Invoker.invokeMethod(Invoker.java:661)
	at org.testng.internal.Invoker.invokeTestMethod(Invoker.java:869)
	at org.testng.internal.Invoker.invokeTestMethods(Invoker.java:1193)
	at org.testng.internal.TestMethodWorker.invokeTestMethods(TestMethodWorker.java:126)
	at org.testng.internal.TestMethodWorker.run(TestMethodWorker.java:109)
	at org.testng.TestRunner.privateRun(TestRunner.java:744)
	at org.testng.TestRunner.run(TestRunner.java:602)
	at org.testng.SuiteRunner.runTest(SuiteRunner.java:380)
	at org.testng.SuiteRunner.runSequentially(SuiteRunner.java:375)
	at org.testng.SuiteRunner.privateRun(SuiteRunner.java:340)
	at org.testng.SuiteRunner.run(SuiteRunner.java:289)
	at org.testng.SuiteRunnerWorker.runSuite(SuiteRunnerWorker.java:52)
	at org.testng.SuiteRunnerWorker.run(SuiteRunnerWorker.java:86)
	at org.testng.TestNG.runSuitesSequentially(TestNG.java:1301)
	at org.testng.TestNG.runSuitesLocally(TestNG.java:1226)
	at org.testng.TestNG.runSuites(TestNG.java:1144)
	at org.testng.TestNG.run(TestNG.java:1115)
	at org.testng.remote.AbstractRemoteTestNG.run(AbstractRemoteTestNG.java:115)
	at org.testng.remote.RemoteTestNG.initAndRun(RemoteTestNG.java:251)
	at org.testng.remote.RemoteTestNG.main(RemoteTestNG.java:77)
]]>
            </full-stacktrace>
          </exception> <!-- java.lang.AssertionError -->
          <reporter-output>
            <line>
              <![CDATA[https://inteliserve.unisys.com/demo/dashboard]]>
            </line>
          </reporter-output>
        </test-method> <!-- validLogin -->
        <test-method status="PASS" signature="closeBrowser(org.testng.ITestResult)[pri:0, instance:scripts.TestValidLogin@335eadca]" name="closeBrowser" is-config="true" duration-ms="825" started-at="2019-11-14T17:18:27Z" finished-at="2019-11-14T17:18:28Z">
          <params>
            <param index="0">
              <value>
                <![CDATA[[TestResult name=validLogin status=FAILURE method=TestValidLogin.validLogin()[pri:0, instance:scripts.TestValidLogin@335eadca] output=https://inteliserve.unisys.com/demo/dashboard]]]>
              </value>
            </param>
          </params>
          <reporter-output>
          </reporter-output>
        </test-method> <!-- closeBrowser -->
      </class> <!-- scripts.TestValidLogin -->
    </test> <!-- FirefoxTest -->
    <test name="ChromeTest" duration-ms="20286" started-at="2019-11-14T11:48:28Z" finished-at="2019-11-14T11:48:48Z">
      <class name="scripts.TestValidLogin">
        <test-method status="PASS" signature="setExtent()[pri:0, instance:scripts.TestValidLogin@5c5a1b69]" name="setExtent" is-config="true" duration-ms="2" started-at="2019-11-14T17:18:28Z" finished-at="2019-11-14T17:18:28Z">
          <reporter-output>
          </reporter-output>
        </test-method> <!-- setExtent -->
        <test-method status="PASS" signature="openApplication(java.lang.String)[pri:0, instance:scripts.TestValidLogin@5c5a1b69]" name="openApplication" is-config="true" duration-ms="6943" started-at="2019-11-14T17:18:28Z" finished-at="2019-11-14T17:18:35Z">
          <params>
            <param index="0">
              <value>
                <![CDATA[chrome]]>
              </value>
            </param>
          </params>
          <reporter-output>
          </reporter-output>
        </test-method> <!-- openApplication -->
        <test-method status="FAIL" signature="validLogin()[pri:0, instance:scripts.TestValidLogin@5c5a1b69]" name="validLogin" duration-ms="12762" started-at="2019-11-14T17:18:35Z" finished-at="2019-11-14T17:18:48Z">
          <exception class="java.lang.AssertionError">
            <message>
              <![CDATA[The following asserts failed:
	expected [https://inteliserve.unisys] but found [https://inteliserve.unisys.com/demo/dashboard#access_token=eyJraWQiOiIwamR1RkJHTXZsbEdHUHBHd0NqdlB0cldhdXlIWk96TjJiSGNiT3lxbktjPSIsImFsZyI6IlJTMjU2In0.eyJzdWIiOiIxNzUwYzE3My1lZjBhLTQ1ZTAtOWJkYy0wZDVkZDA2YWUzODYiLCJjb2duaXRvOmdyb3VwcyI6WyJ1cy1lYXN0LTFfQUd5ME8xRHFvX0ludGVsaUFwcEdyeW1hdHRlckF1dGgwIl0sInRva2VuX3VzZSI6ImFjY2VzcyIsInNjb3BlIjoib3BlbmlkIGVtYWlsIiwiYXV0aF90aW1lIjoxNTUwNzYyMDA0LCJpc3MiOiJodHRwczpcL1wvY29nbml0by1pZHAudXMtZWFzdC0xLmFtYXpvbmF3cy5jb21cL3VzLWVhc3QtMV9BR3kwTzFEcW8iLCJleHAiOjE1NTA3NjU2MDQsImlhdCI6MTU1MDc2MjAwNCwidmVyc2lvbiI6MiwianRpIjoiZjgzODk2NDctMjNjOC00YTJjLTk4OWItMDVjZDUwNmRiYjg4IiwiY2xpZW50X2lkIjoiM2FqOG1qMGptZDk5MHU1M2ViaTU3Y3Q4bjgiLCJ1c2VybmFtZSI6IkludGVsaUFwcEdyeW1hdHRlckF1dGgwX2F1dGgwfDViYzczOWZkYzA3YTM1N2FlN2VjNGUzNCJ9.a6ZXpRVq1t8xQHNhgJc1tXPMXQwljJSo9nylGa-f8hbPuo2ake0tXm6bfwG1fjzzIz2nYxZAznW4C5-YanGSUR87YcwyuMXb-XwK0VnS1RJHf5pNnXnJJx70S5KLJ7ScrBHyDPqXsHZmDtxV9oGar-VBBsoHqoJ0Kn1nQI0Pn7VIsHd_iaTgDOoufQFhXKklCYZZoDc_i8homkjnnuMkUAB16sYvytlgXldjeNGhqQn_mE-BDlQgiT9hOy1leyHF5IIOvYOSTEGO6Yrmkk-XcZlo0J6pvXc82ONPFq4fjt41kmsaB2MPEDwx8DXNZqi23I-pFX7OUm7ZU1Uh55d0mg&id_token=eyJraWQiOiJ1RTVxbVwvdk5PemtyWjFKWFBYSXkzY3hwaE00M25rNjBvV1Vsb0I3emt0RT0iLCJhbGciOiJSUzI1NiJ9.eyJhdF9oYXNoIjoiSVFpam5SZU9rLTFFNlY1d3h6cEt6ZyIsInN1YiI6IjE3NTBjMTczLWVmMGEtNDVlMC05YmRjLTBkNWRkMDZhZTM4NiIsImNvZ25pdG86Z3JvdXBzIjpbInVzLWVhc3QtMV9BR3kwTzFEcW9fSW50ZWxpQXBwR3J5bWF0dGVyQXV0aDAiXSwiZW1haWxfdmVyaWZpZWQiOmZhbHNlLCJpc3MiOiJodHRwczpcL1wvY29nbml0by1pZHAudXMtZWFzdC0xLmFtYXpvbmF3cy5jb21cL3VzLWVhc3QtMV9BR3kwTzFEcW8iLCJjb2duaXRvOnVzZXJuYW1lIjoiSW50ZWxpQXBwR3J5bWF0dGVyQXV0aDBfYXV0aDB8NWJjNzM5ZmRjMDdhMzU3YWU3ZWM0ZTM0IiwiYXVkIjoiM2FqOG1qMGptZDk5MHU1M2ViaTU3Y3Q4bjgiLCJpZGVudGl0aWVzIjpbeyJ1c2VySWQiOiJhdXRoMHw1YmM3MzlmZGMwN2EzNTdhZTdlYzRlMzQiLCJwcm92aWRlck5hbWUiOiJJbnRlbGlBcHBHcnltYXR0ZXJBdXRoMCIsInByb3ZpZGVyVHlwZSI6IlNBTUwiLCJpc3N1ZXIiOiJ1cm46aW50ZWxsaWFwcC5hdXRoMC5jb20iLCJwcmltYXJ5IjoidHJ1ZSIsImRhdGVDcmVhdGVkIjoiMTU0MDM0NjEzOTE1NCJ9XSwidG9rZW5fdXNlIjoiaWQiLCJhdXRoX3RpbWUiOjE1NTA3NjIwMDQsImV4cCI6MTU1MDc2NTYwNCwiaWF0IjoxNTUwNzYyMDA0LCJlbWFpbCI6InJ5YW5AZ3J5bWF0dGVyLmNvbSJ9.ZZ1k6n9siToc6ZpbZRG6F0EFK5UzJ68RCTYN1LAGGlYiO54rIdZcoGmaGRPdFVLMy0RnBgOsEKxv8-W7e1heoJj3GHJezXpney80GhxVhpFvu2HjXMNJpzrHBefKJMrjX5EjErFIH8ERGhCM87cupf9MYJSAo0jc3Rnf81R0nAsbvNI4uoyKp_USMKldliDPdRINR74PcJnp04e_Jk4gZ-lVi_xIYHdqBG5WtaexD-IvD5hizNMteywyLKTUTAc5nnTLZOtiAQqwveePIWcF6keJxpMo59p8_liQc5gB4y-vog61U-KRraNQguHIAbUh8Nk-ViPxeAtR2p9Ywt5RtA&token_type=Bearer&expires_in=3600]]]>
            </message>
            <full-stacktrace>
              <![CDATA[java.lang.AssertionError: The following asserts failed:
	expected [https://inteliserve.unisys] but found [https://inteliserve.unisys.com/demo/dashboard#access_token=eyJraWQiOiIwamR1RkJHTXZsbEdHUHBHd0NqdlB0cldhdXlIWk96TjJiSGNiT3lxbktjPSIsImFsZyI6IlJTMjU2In0.eyJzdWIiOiIxNzUwYzE3My1lZjBhLTQ1ZTAtOWJkYy0wZDVkZDA2YWUzODYiLCJjb2duaXRvOmdyb3VwcyI6WyJ1cy1lYXN0LTFfQUd5ME8xRHFvX0ludGVsaUFwcEdyeW1hdHRlckF1dGgwIl0sInRva2VuX3VzZSI6ImFjY2VzcyIsInNjb3BlIjoib3BlbmlkIGVtYWlsIiwiYXV0aF90aW1lIjoxNTUwNzYyMDA0LCJpc3MiOiJodHRwczpcL1wvY29nbml0by1pZHAudXMtZWFzdC0xLmFtYXpvbmF3cy5jb21cL3VzLWVhc3QtMV9BR3kwTzFEcW8iLCJleHAiOjE1NTA3NjU2MDQsImlhdCI6MTU1MDc2MjAwNCwidmVyc2lvbiI6MiwianRpIjoiZjgzODk2NDctMjNjOC00YTJjLTk4OWItMDVjZDUwNmRiYjg4IiwiY2xpZW50X2lkIjoiM2FqOG1qMGptZDk5MHU1M2ViaTU3Y3Q4bjgiLCJ1c2VybmFtZSI6IkludGVsaUFwcEdyeW1hdHRlckF1dGgwX2F1dGgwfDViYzczOWZkYzA3YTM1N2FlN2VjNGUzNCJ9.a6ZXpRVq1t8xQHNhgJc1tXPMXQwljJSo9nylGa-f8hbPuo2ake0tXm6bfwG1fjzzIz2nYxZAznW4C5-YanGSUR87YcwyuMXb-XwK0VnS1RJHf5pNnXnJJx70S5KLJ7ScrBHyDPqXsHZmDtxV9oGar-VBBsoHqoJ0Kn1nQI0Pn7VIsHd_iaTgDOoufQFhXKklCYZZoDc_i8homkjnnuMkUAB16sYvytlgXldjeNGhqQn_mE-BDlQgiT9hOy1leyHF5IIOvYOSTEGO6Yrmkk-XcZlo0J6pvXc82ONPFq4fjt41kmsaB2MPEDwx8DXNZqi23I-pFX7OUm7ZU1Uh55d0mg&id_token=eyJraWQiOiJ1RTVxbVwvdk5PemtyWjFKWFBYSXkzY3hwaE00M25rNjBvV1Vsb0I3emt0RT0iLCJhbGciOiJSUzI1NiJ9.eyJhdF9oYXNoIjoiSVFpam5SZU9rLTFFNlY1d3h6cEt6ZyIsInN1YiI6IjE3NTBjMTczLWVmMGEtNDVlMC05YmRjLTBkNWRkMDZhZTM4NiIsImNvZ25pdG86Z3JvdXBzIjpbInVzLWVhc3QtMV9BR3kwTzFEcW9fSW50ZWxpQXBwR3J5bWF0dGVyQXV0aDAiXSwiZW1haWxfdmVyaWZpZWQiOmZhbHNlLCJpc3MiOiJodHRwczpcL1wvY29nbml0by1pZHAudXMtZWFzdC0xLmFtYXpvbmF3cy5jb21cL3VzLWVhc3QtMV9BR3kwTzFEcW8iLCJjb2duaXRvOnVzZXJuYW1lIjoiSW50ZWxpQXBwR3J5bWF0dGVyQXV0aDBfYXV0aDB8NWJjNzM5ZmRjMDdhMzU3YWU3ZWM0ZTM0IiwiYXVkIjoiM2FqOG1qMGptZDk5MHU1M2ViaTU3Y3Q4bjgiLCJpZGVudGl0aWVzIjpbeyJ1c2VySWQiOiJhdXRoMHw1YmM3MzlmZGMwN2EzNTdhZTdlYzRlMzQiLCJwcm92aWRlck5hbWUiOiJJbnRlbGlBcHBHcnltYXR0ZXJBdXRoMCIsInByb3ZpZGVyVHlwZSI6IlNBTUwiLCJpc3N1ZXIiOiJ1cm46aW50ZWxsaWFwcC5hdXRoMC5jb20iLCJwcmltYXJ5IjoidHJ1ZSIsImRhdGVDcmVhdGVkIjoiMTU0MDM0NjEzOTE1NCJ9XSwidG9rZW5fdXNlIjoiaWQiLCJhdXRoX3RpbWUiOjE1NTA3NjIwMDQsImV4cCI6MTU1MDc2NTYwNCwiaWF0IjoxNTUwNzYyMDA0LCJlbWFpbCI6InJ5YW5AZ3J5bWF0dGVyLmNvbSJ9.ZZ1k6n9siToc6ZpbZRG6F0EFK5UzJ68RCTYN1LAGGlYiO54rIdZcoGmaGRPdFVLMy0RnBgOsEKxv8-W7e1heoJj3GHJezXpney80GhxVhpFvu2HjXMNJpzrHBefKJMrjX5EjErFIH8ERGhCM87cupf9MYJSAo0jc3Rnf81R0nAsbvNI4uoyKp_USMKldliDPdRINR74PcJnp04e_Jk4gZ-lVi_xIYHdqBG5WtaexD-IvD5hizNMteywyLKTUTAc5nnTLZOtiAQqwveePIWcF6keJxpMo59p8_liQc5gB4y-vog61U-KRraNQguHIAbUh8Nk-ViPxeAtR2p9Ywt5RtA&token_type=Bearer&expires_in=3600]
	at org.testng.asserts.SoftAssert.assertAll(SoftAssert.java:43)
	at scripts.TestValidLogin.validLogin(TestValidLogin.java:35)
	at sun.reflect.NativeMethodAccessorImpl.invoke0(Native Method)
	at sun.reflect.NativeMethodAccessorImpl.invoke(Unknown Source)
	at sun.reflect.DelegatingMethodAccessorImpl.invoke(Unknown Source)
	at java.lang.reflect.Method.invoke(Unknown Source)
	at org.testng.internal.MethodInvocationHelper.invokeMethod(MethodInvocationHelper.java:108)
	at org.testng.internal.Invoker.invokeMethod(Invoker.java:661)
	at org.testng.internal.Invoker.invokeTestMethod(Invoker.java:869)
	at org.testng.internal.Invoker.invokeTestMethods(Invoker.java:1193)
	at org.testng.internal.TestMethodWorker.invokeTestMethods(TestMethodWorker.java:126)
	at org.testng.internal.TestMethodWorker.run(TestMethodWorker.java:109)
	at org.testng.TestRunner.privateRun(TestRunner.java:744)
	at org.testng.TestRunner.run(TestRunner.java:602)
	at org.testng.SuiteRunner.runTest(SuiteRunner.java:380)
	at org.testng.SuiteRunner.runSequentially(SuiteRunner.java:375)
	at org.testng.SuiteRunner.privateRun(SuiteRunner.java:340)
	at org.testng.SuiteRunner.run(SuiteRunner.java:289)
	at org.testng.SuiteRunnerWorker.runSuite(SuiteRunnerWorker.java:52)
	at org.testng.SuiteRunnerWorker.run(SuiteRunnerWorker.java:86)
	at org.testng.TestNG.runSuitesSequentially(TestNG.java:1301)
	at org.testng.TestNG.runSuitesLocally(TestNG.java:1226)
	at org.testng.TestNG.runSuites(TestNG.java:1144)
	at org.testng.TestNG.run(TestNG.java:1115)
	at org.testng.remote.AbstractRemoteTestNG.run(AbstractRemoteTestNG.java:115)
	at org.testng.remote.RemoteTestNG.initAndRun(RemoteTestNG.java:251)
	at org.testng.remote.RemoteTestNG.main(RemoteTestNG.java:77)
]]>
            </full-stacktrace>
          </exception> <!-- java.lang.AssertionError -->
          <reporter-output>
            <line>
              <![CDATA[https://inteliserve.unisys.com/demo/dashboard#access_token=eyJraWQiOiIwamR1RkJHTXZsbEdHUHBHd0NqdlB0cldhdXlIWk96TjJiSGNiT3lxbktjPSIsImFsZyI6IlJTMjU2In0.eyJzdWIiOiIxNzUwYzE3My1lZjBhLTQ1ZTAtOWJkYy0wZDVkZDA2YWUzODYiLCJjb2duaXRvOmdyb3VwcyI6WyJ1cy1lYXN0LTFfQUd5ME8xRHFvX0ludGVsaUFwcEdyeW1hdHRlckF1dGgwIl0sInRva2VuX3VzZSI6ImFjY2VzcyIsInNjb3BlIjoib3BlbmlkIGVtYWlsIiwiYXV0aF90aW1lIjoxNTUwNzYyMDA0LCJpc3MiOiJodHRwczpcL1wvY29nbml0by1pZHAudXMtZWFzdC0xLmFtYXpvbmF3cy5jb21cL3VzLWVhc3QtMV9BR3kwTzFEcW8iLCJleHAiOjE1NTA3NjU2MDQsImlhdCI6MTU1MDc2MjAwNCwidmVyc2lvbiI6MiwianRpIjoiZjgzODk2NDctMjNjOC00YTJjLTk4OWItMDVjZDUwNmRiYjg4IiwiY2xpZW50X2lkIjoiM2FqOG1qMGptZDk5MHU1M2ViaTU3Y3Q4bjgiLCJ1c2VybmFtZSI6IkludGVsaUFwcEdyeW1hdHRlckF1dGgwX2F1dGgwfDViYzczOWZkYzA3YTM1N2FlN2VjNGUzNCJ9.a6ZXpRVq1t8xQHNhgJc1tXPMXQwljJSo9nylGa-f8hbPuo2ake0tXm6bfwG1fjzzIz2nYxZAznW4C5-YanGSUR87YcwyuMXb-XwK0VnS1RJHf5pNnXnJJx70S5KLJ7ScrBHyDPqXsHZmDtxV9oGar-VBBsoHqoJ0Kn1nQI0Pn7VIsHd_iaTgDOoufQFhXKklCYZZoDc_i8homkjnnuMkUAB16sYvytlgXldjeNGhqQn_mE-BDlQgiT9hOy1leyHF5IIOvYOSTEGO6Yrmkk-XcZlo0J6pvXc82ONPFq4fjt41kmsaB2MPEDwx8DXNZqi23I-pFX7OUm7ZU1Uh55d0mg&id_token=eyJraWQiOiJ1RTVxbVwvdk5PemtyWjFKWFBYSXkzY3hwaE00M25rNjBvV1Vsb0I3emt0RT0iLCJhbGciOiJSUzI1NiJ9.eyJhdF9oYXNoIjoiSVFpam5SZU9rLTFFNlY1d3h6cEt6ZyIsInN1YiI6IjE3NTBjMTczLWVmMGEtNDVlMC05YmRjLTBkNWRkMDZhZTM4NiIsImNvZ25pdG86Z3JvdXBzIjpbInVzLWVhc3QtMV9BR3kwTzFEcW9fSW50ZWxpQXBwR3J5bWF0dGVyQXV0aDAiXSwiZW1haWxfdmVyaWZpZWQiOmZhbHNlLCJpc3MiOiJodHRwczpcL1wvY29nbml0by1pZHAudXMtZWFzdC0xLmFtYXpvbmF3cy5jb21cL3VzLWVhc3QtMV9BR3kwTzFEcW8iLCJjb2duaXRvOnVzZXJuYW1lIjoiSW50ZWxpQXBwR3J5bWF0dGVyQXV0aDBfYXV0aDB8NWJjNzM5ZmRjMDdhMzU3YWU3ZWM0ZTM0IiwiYXVkIjoiM2FqOG1qMGptZDk5MHU1M2ViaTU3Y3Q4bjgiLCJpZGVudGl0aWVzIjpbeyJ1c2VySWQiOiJhdXRoMHw1YmM3MzlmZGMwN2EzNTdhZTdlYzRlMzQiLCJwcm92aWRlck5hbWUiOiJJbnRlbGlBcHBHcnltYXR0ZXJBdXRoMCIsInByb3ZpZGVyVHlwZSI6IlNBTUwiLCJpc3N1ZXIiOiJ1cm46aW50ZWxsaWFwcC5hdXRoMC5jb20iLCJwcmltYXJ5IjoidHJ1ZSIsImRhdGVDcmVhdGVkIjoiMTU0MDM0NjEzOTE1NCJ9XSwidG9rZW5fdXNlIjoiaWQiLCJhdXRoX3RpbWUiOjE1NTA3NjIwMDQsImV4cCI6MTU1MDc2NTYwNCwiaWF0IjoxNTUwNzYyMDA0LCJlbWFpbCI6InJ5YW5AZ3J5bWF0dGVyLmNvbSJ9.ZZ1k6n9siToc6ZpbZRG6F0EFK5UzJ68RCTYN1LAGGlYiO54rIdZcoGmaGRPdFVLMy0RnBgOsEKxv8-W7e1heoJj3GHJezXpney80GhxVhpFvu2HjXMNJpzrHBefKJMrjX5EjErFIH8ERGhCM87cupf9MYJSAo0jc3Rnf81R0nAsbvNI4uoyKp_USMKldliDPdRINR74PcJnp04e_Jk4gZ-lVi_xIYHdqBG5WtaexD-IvD5hizNMteywyLKTUTAc5nnTLZOtiAQqwveePIWcF6keJxpMo59p8_liQc5gB4y-vog61U-KRraNQguHIAbUh8Nk-ViPxeAtR2p9Ywt5RtA&token_type=Bearer&expires_in=3600]]>
            </line>
          </reporter-output>
        </test-method> <!-- validLogin -->
        <test-method status="PASS" signature="closeBrowser(org.testng.ITestResult)[pri:0, instance:scripts.TestValidLogin@5c5a1b69]" name="closeBrowser" is-config="true" duration-ms="571" started-at="2019-11-14T17:18:48Z" finished-at="2019-11-14T17:18:48Z">
          <params>
            <param index="0">
              <value>
                <![CDATA[[TestResult name=validLogin status=FAILURE method=TestValidLogin.validLogin()[pri:0, instance:scripts.TestValidLogin@5c5a1b69] output=https://inteliserve.unisys.com/demo/dashboard#access_token=eyJraWQiOiIwamR1RkJHTXZsbEdHUHBHd0NqdlB0cldhdXlIWk96TjJiSGNiT3lxbktjPSIsImFsZyI6IlJTMjU2In0.eyJzdWIiOiIxNzUwYzE3My1lZjBhLTQ1ZTAtOWJkYy0wZDVkZDA2YWUzODYiLCJjb2duaXRvOmdyb3VwcyI6WyJ1cy1lYXN0LTFfQUd5ME8xRHFvX0ludGVsaUFwcEdyeW1hdHRlckF1dGgwIl0sInRva2VuX3VzZSI6ImFjY2VzcyIsInNjb3BlIjoib3BlbmlkIGVtYWlsIiwiYXV0aF90aW1lIjoxNTUwNzYyMDA0LCJpc3MiOiJodHRwczpcL1wvY29nbml0by1pZHAudXMtZWFzdC0xLmFtYXpvbmF3cy5jb21cL3VzLWVhc3QtMV9BR3kwTzFEcW8iLCJleHAiOjE1NTA3NjU2MDQsImlhdCI6MTU1MDc2MjAwNCwidmVyc2lvbiI6MiwianRpIjoiZjgzODk2NDctMjNjOC00YTJjLTk4OWItMDVjZDUwNmRiYjg4IiwiY2xpZW50X2lkIjoiM2FqOG1qMGptZDk5MHU1M2ViaTU3Y3Q4bjgiLCJ1c2VybmFtZSI6IkludGVsaUFwcEdyeW1hdHRlckF1dGgwX2F1dGgwfDViYzczOWZkYzA3YTM1N2FlN2VjNGUzNCJ9.a6ZXpRVq1t8xQHNhgJc1tXPMXQwljJSo9nylGa-f8hbPuo2ake0tXm6bfwG1fjzzIz2nYxZAznW4C5-YanGSUR87YcwyuMXb-XwK0VnS1RJHf5pNnXnJJx70S5KLJ7ScrBHyDPqXsHZmDtxV9oGar-VBBsoHqoJ0Kn1nQI0Pn7VIsHd_iaTgDOoufQFhXKklCYZZoDc_i8homkjnnuMkUAB16sYvytlgXldjeNGhqQn_mE-BDlQgiT9hOy1leyHF5IIOvYOSTEGO6Yrmkk-XcZlo0J6pvXc82ONPFq4fjt41kmsaB2MPEDwx8DXNZqi23I-pFX7OUm7ZU1Uh55d0mg&id_token=eyJraWQiOiJ1RTVxbVwvdk5PemtyWjFKWFBYSXkzY3hwaE00M25rNjBvV1Vsb0I3emt0RT0iLCJhbGciOiJSUzI1NiJ9.eyJhdF9oYXNoIjoiSVFpam5SZU9rLTFFNlY1d3h6cEt6ZyIsInN1YiI6IjE3NTBjMTczLWVmMGEtNDVlMC05YmRjLTBkNWRkMDZhZTM4NiIsImNvZ25pdG86Z3JvdXBzIjpbInVzLWVhc3QtMV9BR3kwTzFEcW9fSW50ZWxpQXBwR3J5bWF0dGVyQXV0aDAiXSwiZW1haWxfdmVyaWZpZWQiOmZhbHNlLCJpc3MiOiJodHRwczpcL1wvY29nbml0by1pZHAudXMtZWFzdC0xLmFtYXpvbmF3cy5jb21cL3VzLWVhc3QtMV9BR3kwTzFEcW8iLCJjb2duaXRvOnVzZXJuYW1lIjoiSW50ZWxpQXBwR3J5bWF0dGVyQXV0aDBfYXV0aDB8NWJjNzM5ZmRjMDdhMzU3YWU3ZWM0ZTM0IiwiYXVkIjoiM2FqOG1qMGptZDk5MHU1M2ViaTU3Y3Q4bjgiLCJpZGVudGl0aWVzIjpbeyJ1c2VySWQiOiJhdXRoMHw1YmM3MzlmZGMwN2EzNTdhZTdlYzRlMzQiLCJwcm92aWRlck5hbWUiOiJJbnRlbGlBcHBHcnltYXR0ZXJBdXRoMCIsInByb3ZpZGVyVHlwZSI6IlNBTUwiLCJpc3N1ZXIiOiJ1cm46aW50ZWxsaWFwcC5hdXRoMC5jb20iLCJwcmltYXJ5IjoidHJ1ZSIsImRhdGVDcmVhdGVkIjoiMTU0MDM0NjEzOTE1NCJ9XSwidG9rZW5fdXNlIjoiaWQiLCJhdXRoX3RpbWUiOjE1NTA3NjIwMDQsImV4cCI6MTU1MDc2NTYwNCwiaWF0IjoxNTUwNzYyMDA0LCJlbWFpbCI6InJ5YW5AZ3J5bWF0dGVyLmNvbSJ9.ZZ1k6n9siToc6ZpbZRG6F0EFK5UzJ68RCTYN1LAGGlYiO54rIdZcoGmaGRPdFVLMy0RnBgOsEKxv8-W7e1heoJj3GHJezXpney80GhxVhpFvu2HjXMNJpzrHBefKJMrjX5EjErFIH8ERGhCM87cupf9MYJSAo0jc3Rnf81R0nAsbvNI4uoyKp_USMKldliDPdRINR74PcJnp04e_Jk4gZ-lVi_xIYHdqBG5WtaexD-IvD5hizNMteywyLKTUTAc5nnTLZOtiAQqwveePIWcF6keJxpMo59p8_liQc5gB4y-vog61U-KRraNQguHIAbUh8Nk-ViPxeAtR2p9Ywt5RtA&token_type=Bearer&expires_in=3600]]]>
              </value>
            </param>
          </params>
          <reporter-output>
          </reporter-output>
        </test-method> <!-- closeBrowser -->
      </class> <!-- scripts.TestValidLogin -->
    </test> <!-- ChromeTest -->
  </suite> <!-- Suite -->
</testng-results>
